I, [2016-01-14T13:05:35.734917 #10120]  INFO -- : PAYPAL
I, [2016-01-14T13:07:37.817928 #9080]  INFO -- : PAYPAL
I, [2016-01-14T13:10:05.143554 #8808]  INFO -- : PAYPAL
I, [2016-01-14T13:10:06.563263 #8808]  INFO -- : http://www.benzinga.com/media/cnbc/16/01/6141500/cramers-take-on-match-group-salesforce-com-and-paypal?utm_campaign=partner_feed&utm_source=money.cnn.com&utm_medium=web_click&utm_content=ticker_page
I, [2016-01-14T13:10:07.128546 #8808]  INFO -- : great
I, [2016-01-14T13:10:07.135549 #8808]  INFO -- : charitable
I, [2016-01-14T13:10:07.138551 #8808]  INFO -- : http://www.zacks.com/stock/news/203541/ncr-silver-to-be-deployed-at-bx-computers-bronx-store?cid=CS-CNN-HL-203541
I, [2016-01-14T13:10:08.671317 #8808]  INFO -- : Cancel
I, [2016-01-14T13:10:08.748355 #8808]  INFO -- : Strong
I, [2016-01-14T13:10:08.753358 #8808]  INFO -- : http://www.fool.com/investing/general/2016/01/13/can-baidu-deliver-to-shareholders-by-delivering-fo.aspx?source=eptcnnlnk0000002&utm_campaign=article&utm_medium=feed&utm_source=cnnmoney
I, [2016-01-14T13:10:09.541752 #8808]  INFO -- : http://www.fool.com/investing/general/2016/01/03/the-worst-paypal-holdings-inc-headlines-in-2015.aspx?source=eptcnnlnk0000002&utm_campaign=article&utm_medium=feed&utm_source=cnnmoney
I, [2016-01-14T13:10:10.005984 #8808]  INFO -- : loss
I, [2016-01-14T13:10:10.012987 #8808]  INFO -- : worst
I, [2016-01-14T13:10:10.027995 #8808]  INFO -- : http://www.thestreet.com/story/13422409/1/paypal-pypl-stock-gains-momentum-analysts-leading-online-payment-firm.html?puc=CNNMONEY&cm_ven=CNNMONEY
I, [2016-01-14T13:10:10.825393 #8808]  INFO -- : gain
I, [2016-01-14T13:10:10.860411 #8808]  INFO -- : enables
I, [2016-01-14T13:10:10.866414 #8808]  INFO -- : http://www.fool.com/investing/general/2016/01/02/what-happened-to-the-sp-500-in-2015.aspx?source=eptcnnlnk0000002&utm_campaign=article&utm_medium=feed&utm_source=cnnmoney
I, [2016-01-14T13:10:11.850906 #8808]  INFO -- : loyal
I, [2016-01-14T13:10:11.870916 #8808]  INFO -- : attractive
I, [2016-01-14T13:10:11.879920 #8808]  INFO -- : http://www.zacks.com/stock/news/203572/western-union-touches-52-week-low-is-more-pain-in-store?cid=CS-CNN-HL-203572
I, [2016-01-14T13:10:13.693827 #8808]  INFO -- : Cancel
I, [2016-01-14T13:10:13.719840 #8808]  INFO -- : alliance
I, [2016-01-14T13:10:13.765863 #8808]  INFO -- : Strong
I, [2016-01-14T13:10:13.771866 #8808]  INFO -- : http://www.fool.com/investing/general/2015/12/31/the-worst-ebay-inc-headlines-in-2015.aspx?source=eptcnnlnk0000002&utm_campaign=article&utm_medium=feed&utm_source=cnnmoney
I, [2016-01-14T13:10:14.543251 #8808]  INFO -- : successful
I, [2016-01-14T13:10:14.552256 #8808]  INFO -- : Worries
I, [2016-01-14T13:10:14.558259 #8808]  INFO -- : profitable
I, [2016-01-14T13:10:14.565262 #8808]  INFO -- : Closing
I, [2016-01-14T13:10:14.568264 #8808]  INFO -- : negative
I, [2016-01-14T14:22:54.865222 #9648]  INFO -- : PAYPAL
I, [2016-01-14T14:22:55.936758 #9648]  INFO -- : http://www.benzinga.com/media/cnbc/16/01/6141500/cramers-take-on-match-group-salesforce-com-and-paypal?utm_campaign=partner_feed&utm_source=money.cnn.com&utm_medium=web_click&utm_content=ticker_page
I, [2016-01-14T14:22:56.480029 #9648]  INFO -- : great
I, [2016-01-14T14:22:56.485032 #9648]  INFO -- : charitable
I, [2016-01-14T14:23:35.794677 #5012]  INFO -- : PAYPAL
I, [2016-01-14T14:23:36.963261 #5012]  INFO -- : http://www.benzinga.com/media/cnbc/16/01/6141500/cramers-take-on-match-group-salesforce-com-and-paypal?utm_campaign=partner_feed&utm_source=money.cnn.com&utm_medium=web_click&utm_content=ticker_page
I, [2016-01-14T14:23:37.454506 #5012]  INFO -- : great
I, [2016-01-14T14:23:37.462510 #5012]  INFO -- : charitable
I, [2016-01-14T14:23:56.206878 #12440]  INFO -- : PAYPAL
I, [2016-01-14T14:23:57.369459 #12440]  INFO -- : http://www.benzinga.com/media/cnbc/16/01/6141500/cramers-take-on-match-group-salesforce-com-and-paypal?utm_campaign=partner_feed&utm_source=money.cnn.com&utm_medium=web_click&utm_content=ticker_page
I, [2016-01-14T14:23:57.889719 #12440]  INFO -- : great
I, [2016-01-14T14:23:57.894721 #12440]  INFO -- : charitable
I, [2016-01-14T14:23:57.895722 #12440]  INFO -- : 2
I, [2016-01-14T14:23:57.895722 #12440]  INFO -- : 2
I, [2016-01-14T14:23:57.895722 #12440]  INFO -- : http://www.zacks.com/stock/news/203541/ncr-silver-to-be-deployed-at-bx-computers-bronx-store?cid=CS-CNN-HL-203541
I, [2016-01-14T14:23:59.794671 #12440]  INFO -- : Cancel
I, [2016-01-14T14:23:59.867707 #12440]  INFO -- : Strong
I, [2016-01-14T14:23:59.872710 #12440]  INFO -- : 1
I, [2016-01-14T14:23:59.872710 #12440]  INFO -- : 1
I, [2016-01-14T14:23:59.872710 #12440]  INFO -- : http://www.fool.com/investing/general/2016/01/13/can-baidu-deliver-to-shareholders-by-delivering-fo.aspx?source=eptcnnlnk0000002&utm_campaign=article&utm_medium=feed&utm_source=cnnmoney
I, [2016-01-14T14:24:00.732139 #12440]  INFO -- : 0
I, [2016-01-14T14:24:00.733140 #12440]  INFO -- : 0
I, [2016-01-14T14:24:00.733140 #12440]  INFO -- : http://www.fool.com/investing/general/2016/01/03/the-worst-paypal-holdings-inc-headlines-in-2015.aspx?source=eptcnnlnk0000002&utm_campaign=article&utm_medium=feed&utm_source=cnnmoney
I, [2016-01-14T14:24:01.772659 #12440]  INFO -- : loss
I, [2016-01-14T14:24:01.776661 #12440]  INFO -- : worst
I, [2016-01-14T14:24:01.790668 #12440]  INFO -- : 0
I, [2016-01-14T14:24:01.790668 #12440]  INFO -- : 0
I, [2016-01-14T14:24:01.791669 #12440]  INFO -- : http://www.thestreet.com/story/13422409/1/paypal-pypl-stock-gains-momentum-analysts-leading-online-payment-firm.html?puc=CNNMONEY&cm_ven=CNNMONEY
I, [2016-01-14T14:24:03.160353 #12440]  INFO -- : gain
I, [2016-01-14T14:24:04.173859 #12440]  INFO -- : enables
I, [2016-01-14T14:24:04.181863 #12440]  INFO -- : 2
I, [2016-01-14T14:24:04.182864 #12440]  INFO -- : 2
I, [2016-01-14T14:24:04.182864 #12440]  INFO -- : http://www.fool.com/investing/general/2016/01/02/what-happened-to-the-sp-500-in-2015.aspx?source=eptcnnlnk0000002&utm_campaign=article&utm_medium=feed&utm_source=cnnmoney
I, [2016-01-14T14:24:05.242393 #12440]  INFO -- : loyal
I, [2016-01-14T14:24:05.254399 #12440]  INFO -- : attractive
I, [2016-01-14T14:24:05.261403 #12440]  INFO -- : 2
I, [2016-01-14T14:24:05.261403 #12440]  INFO -- : 2
I, [2016-01-14T14:24:05.262403 #12440]  INFO -- : http://www.zacks.com/stock/news/203572/western-union-touches-52-week-low-is-more-pain-in-store?cid=CS-CNN-HL-203572
I, [2016-01-14T14:24:06.971257 #12440]  INFO -- : Cancel
I, [2016-01-14T14:24:06.997270 #12440]  INFO -- : alliance
I, [2016-01-14T14:24:07.046295 #12440]  INFO -- : Strong
I, [2016-01-14T14:24:07.052298 #12440]  INFO -- : 2
I, [2016-01-14T14:24:07.052298 #12440]  INFO -- : 2
I, [2016-01-14T14:24:07.052298 #12440]  INFO -- : http://www.fool.com/investing/general/2015/12/31/the-worst-ebay-inc-headlines-in-2015.aspx?source=eptcnnlnk0000002&utm_campaign=article&utm_medium=feed&utm_source=cnnmoney
I, [2016-01-14T14:24:07.396470 #12440]  INFO -- : successful
I, [2016-01-14T14:24:07.403473 #12440]  INFO -- : Worries
I, [2016-01-14T14:24:07.408476 #12440]  INFO -- : profitable
I, [2016-01-14T14:24:07.414479 #12440]  INFO -- : Closing
I, [2016-01-14T14:24:07.416480 #12440]  INFO -- : negative
I, [2016-01-14T14:24:07.447495 #12440]  INFO -- : 2
I, [2016-01-14T14:24:07.448496 #12440]  INFO -- : 2
